
*** Running vivado
    with args -log Driver_IIC.vds -m64 -product Vivado -mode batch -messageDb vivado.pb -notrace -source Driver_IIC.tcl


****** Vivado v2018.2 (64-bit)
  **** SW Build 2258646 on Thu Jun 14 20:03:12 MDT 2018
  **** IP Build 2256618 on Thu Jun 14 22:10:49 MDT 2018
    ** Copyright 1986-2018 Xilinx, Inc. All Rights Reserved.

source Driver_IIC.tcl -notrace
Command: synth_design -top Driver_IIC -part xc7s15ftgb196-1
Starting synth_design
Attempting to get a license for feature 'Synthesis' and/or device 'xc7s15'
INFO: [Common 17-349] Got license for feature 'Synthesis' and/or device 'xc7s15'
INFO: Launching helper process for spawning children vivado processes
INFO: Helper process launched with PID 5344 
---------------------------------------------------------------------------------
Starting Synthesize : Time (s): cpu = 00:00:02 ; elapsed = 00:00:02 . Memory (MB): peak = 416.375 ; gain = 96.586
---------------------------------------------------------------------------------
INFO: [Synth 8-6157] synthesizing module 'Driver_IIC' [D:/Demo/IP/Driver_IIC_IP/Driver_IIC/Driver_IIC.srcs/sources_1/new/Driver_IIC.v:21]
	Parameter SCL_SUM bound to: 13'b0001111101000 
	Parameter IDLE bound to: 4'b0000 
	Parameter START0 bound to: 4'b0001 
	Parameter WRSADDR0 bound to: 4'b0010 
	Parameter ACK0 bound to: 4'b0011 
	Parameter WRRADDR bound to: 4'b0100 
	Parameter ACK1 bound to: 4'b0101 
	Parameter WRDATA bound to: 4'b0110 
	Parameter ACK2 bound to: 4'b0111 
	Parameter STOP bound to: 4'b1000 
	Parameter START1 bound to: 4'b1001 
	Parameter WRSADDR1 bound to: 4'b1010 
	Parameter ACK3 bound to: 4'b1011 
	Parameter RDDATA bound to: 4'b1100 
	Parameter NOACK bound to: 4'b1101 
	Parameter WRRADDR_H bound to: 4'b1110 
	Parameter ACK4 bound to: 4'b1111 
INFO: [Synth 8-226] default block is never used [D:/Demo/IP/Driver_IIC_IP/Driver_IIC/Driver_IIC.srcs/sources_1/new/Driver_IIC.v:147]
WARNING: [Synth 8-5788] Register IIC_Read_Data_reg in module Driver_IIC is has both Set and reset with same priority. This may cause simulation mismatches. Consider rewriting code  [D:/Demo/IP/Driver_IIC_IP/Driver_IIC/Driver_IIC.srcs/sources_1/new/Driver_IIC.v:395]
INFO: [Synth 8-6155] done synthesizing module 'Driver_IIC' (1#1) [D:/Demo/IP/Driver_IIC_IP/Driver_IIC/Driver_IIC.srcs/sources_1/new/Driver_IIC.v:21]
---------------------------------------------------------------------------------
Finished Synthesize : Time (s): cpu = 00:00:03 ; elapsed = 00:00:03 . Memory (MB): peak = 471.023 ; gain = 151.234
---------------------------------------------------------------------------------
---------------------------------------------------------------------------------
Finished Constraint Validation : Time (s): cpu = 00:00:03 ; elapsed = 00:00:03 . Memory (MB): peak = 471.023 ; gain = 151.234
---------------------------------------------------------------------------------
---------------------------------------------------------------------------------
Start Loading Part and Timing Information
---------------------------------------------------------------------------------
Loading part: xc7s15ftgb196-1
---------------------------------------------------------------------------------
Finished Loading Part and Timing Information : Time (s): cpu = 00:00:03 ; elapsed = 00:00:03 . Memory (MB): peak = 471.023 ; gain = 151.234
---------------------------------------------------------------------------------
INFO: [Device 21-403] Loading part xc7s15ftgb196-1
INFO: [Synth 8-802] inferred FSM for state register 'c_state_reg' in module 'Driver_IIC'
INFO: [Synth 8-5544] ROM "SDA_Dir" won't be mapped to Block RAM because address size (4) smaller than threshold (5)
INFO: [Synth 8-5544] ROM "n_state" won't be mapped to Block RAM because address size (1) smaller than threshold (5)
INFO: [Synth 8-5544] ROM "n_state" won't be mapped to Block RAM because address size (1) smaller than threshold (5)
INFO: [Synth 8-5544] ROM "n_state" won't be mapped to Block RAM because address size (1) smaller than threshold (5)
INFO: [Synth 8-5544] ROM "n_state" won't be mapped to Block RAM because address size (1) smaller than threshold (5)
INFO: [Synth 8-5544] ROM "n_state" won't be mapped to Block RAM because address size (1) smaller than threshold (5)
INFO: [Synth 8-5544] ROM "n_state" won't be mapped to Block RAM because address size (1) smaller than threshold (5)
INFO: [Synth 8-5544] ROM "n_state" won't be mapped to Block RAM because address size (1) smaller than threshold (5)
INFO: [Synth 8-5544] ROM "n_state" won't be mapped to Block RAM because address size (1) smaller than threshold (5)
INFO: [Synth 8-5544] ROM "n_state" won't be mapped to Block RAM because address size (1) smaller than threshold (5)
INFO: [Synth 8-5544] ROM "n_state" won't be mapped to Block RAM because address size (1) smaller than threshold (5)
INFO: [Synth 8-5544] ROM "n_state" won't be mapped to Block RAM because address size (1) smaller than threshold (5)
INFO: [Synth 8-5544] ROM "n_state" won't be mapped to Block RAM because address size (1) smaller than threshold (5)
INFO: [Synth 8-5544] ROM "n_state" won't be mapped to Block RAM because address size (1) smaller than threshold (5)
INFO: [Synth 8-5544] ROM "n_state" won't be mapped to Block RAM because address size (1) smaller than threshold (5)
INFO: [Synth 8-5544] ROM "n_state" won't be mapped to Block RAM because address size (1) smaller than threshold (5)
---------------------------------------------------------------------------------------------------
                   State |                     New Encoding |                Previous Encoding 
---------------------------------------------------------------------------------------------------
                    IDLE |                             0000 |                             0000
                  START0 |                             0001 |                             0001
                WRSADDR0 |                             0010 |                             0010
                    ACK0 |                             0011 |                             0011
               WRRADDR_H |                             0100 |                             1110
                    ACK4 |                             0101 |                             1111
                 WRRADDR |                             0110 |                             0100
                    ACK1 |                             0111 |                             0101
                  WRDATA |                             1000 |                             0110
                    ACK2 |                             1001 |                             0111
                  START1 |                             1010 |                             1001
                WRSADDR1 |                             1011 |                             1010
                    ACK3 |                             1100 |                             1011
                  RDDATA |                             1101 |                             1100
                   NOACK |                             1110 |                             1101
                    STOP |                             1111 |                             1000
---------------------------------------------------------------------------------------------------
INFO: [Synth 8-3354] encoded FSM with state register 'c_state_reg' using encoding 'sequential' in module 'Driver_IIC'
---------------------------------------------------------------------------------
Finished RTL Optimization Phase 2 : Time (s): cpu = 00:00:04 ; elapsed = 00:00:03 . Memory (MB): peak = 471.023 ; gain = 151.234
---------------------------------------------------------------------------------

Report RTL Partitions: 
+-+--------------+------------+----------+
| |RTL Partition |Replication |Instances |
+-+--------------+------------+----------+
+-+--------------+------------+----------+
No constraint files found.
---------------------------------------------------------------------------------
Start RTL Component Statistics 
---------------------------------------------------------------------------------
Detailed RTL Component Info : 
+---Adders : 
	   2 Input     10 Bit       Adders := 1     
	   2 Input      3 Bit       Adders := 1     
+---Registers : 
	               14 Bit    Registers := 1     
	                8 Bit    Registers := 1     
	                3 Bit    Registers := 1     
	                1 Bit    Registers := 8     
+---Muxes : 
	   2 Input     10 Bit        Muxes := 1     
	   2 Input      8 Bit        Muxes := 2     
	  11 Input      8 Bit        Muxes := 1     
	   3 Input      4 Bit        Muxes := 2     
	   4 Input      4 Bit        Muxes := 2     
	   2 Input      4 Bit        Muxes := 35    
	  16 Input      4 Bit        Muxes := 3     
	   2 Input      3 Bit        Muxes := 1     
	   2 Input      2 Bit        Muxes := 2     
	   2 Input      1 Bit        Muxes := 5     
	  11 Input      1 Bit        Muxes := 2     
---------------------------------------------------------------------------------
Finished RTL Component Statistics 
---------------------------------------------------------------------------------
---------------------------------------------------------------------------------
Start RTL Hierarchical Component Statistics 
---------------------------------------------------------------------------------
Hierarchical RTL Component report 
Module Driver_IIC 
Detailed RTL Component Info : 
+---Adders : 
	   2 Input     10 Bit       Adders := 1     
	   2 Input      3 Bit       Adders := 1     
+---Registers : 
	               14 Bit    Registers := 1     
	                8 Bit    Registers := 1     
	                3 Bit    Registers := 1     
	                1 Bit    Registers := 8     
+---Muxes : 
	   2 Input     10 Bit        Muxes := 1     
	   2 Input      8 Bit        Muxes := 2     
	  11 Input      8 Bit        Muxes := 1     
	   3 Input      4 Bit        Muxes := 2     
	   4 Input      4 Bit        Muxes := 2     
	   2 Input      4 Bit        Muxes := 35    
	  16 Input      4 Bit        Muxes := 3     
	   2 Input      3 Bit        Muxes := 1     
	   2 Input      2 Bit        Muxes := 2     
	   2 Input      1 Bit        Muxes := 5     
	  11 Input      1 Bit        Muxes := 2     
---------------------------------------------------------------------------------
Finished RTL Hierarchical Component Statistics
---------------------------------------------------------------------------------
---------------------------------------------------------------------------------
Start Part Resource Summary
---------------------------------------------------------------------------------
Part Resources:
DSPs: 20 (col length:20)
BRAMs: 20 (col length: RAMB18 20 RAMB36 10)
---------------------------------------------------------------------------------
Finished Part Resource Summary
---------------------------------------------------------------------------------
No constraint files found.
---------------------------------------------------------------------------------
Start Cross Boundary and Area Optimization
---------------------------------------------------------------------------------
Warning: Parallel synthesis criteria is not met 
INFO: [Synth 8-3886] merging instance 'scl_cnt_reg[12]' (FDC) to 'scl_cnt_reg[10]'
INFO: [Synth 8-3886] merging instance 'scl_cnt_reg[13]' (FDC) to 'scl_cnt_reg[10]'
INFO: [Synth 8-3886] merging instance 'scl_cnt_reg[11]' (FDC) to 'scl_cnt_reg[10]'
INFO: [Synth 8-3333] propagating constant 0 across sequential element (\scl_cnt_reg[10] )
WARNING: [Synth 8-3332] Sequential element (scl_cnt_reg[10]) is unused and will be removed from module Driver_IIC.
---------------------------------------------------------------------------------
Finished Cross Boundary and Area Optimization : Time (s): cpu = 00:00:07 ; elapsed = 00:00:07 . Memory (MB): peak = 586.055 ; gain = 266.266
---------------------------------------------------------------------------------

Report RTL Partitions: 
+-+--------------+------------+----------+
| |RTL Partition |Replication |Instances |
+-+--------------+------------+----------+
+-+--------------+------------+----------+
No constraint files found.
---------------------------------------------------------------------------------
Start Timing Optimization
---------------------------------------------------------------------------------
---------------------------------------------------------------------------------
Finished Timing Optimization : Time (s): cpu = 00:00:07 ; elapsed = 00:00:07 . Memory (MB): peak = 586.055 ; gain = 266.266
---------------------------------------------------------------------------------

Report RTL Partitions: 
+-+--------------+------------+----------+
| |RTL Partition |Replication |Instances |
+-+--------------+------------+----------+
+-+--------------+------------+----------+
---------------------------------------------------------------------------------
Start Technology Mapping
---------------------------------------------------------------------------------
---------------------------------------------------------------------------------
Finished Technology Mapping : Time (s): cpu = 00:00:07 ; elapsed = 00:00:07 . Memory (MB): peak = 587.914 ; gain = 268.125
---------------------------------------------------------------------------------

Report RTL Partitions: 
+-+--------------+------------+----------+
| |RTL Partition |Replication |Instances |
+-+--------------+------------+----------+
+-+--------------+------------+----------+
---------------------------------------------------------------------------------
Start IO Insertion
---------------------------------------------------------------------------------
---------------------------------------------------------------------------------
Start Flattening Before IO Insertion
---------------------------------------------------------------------------------
---------------------------------------------------------------------------------
Finished Flattening Before IO Insertion
---------------------------------------------------------------------------------
---------------------------------------------------------------------------------
Start Final Netlist Cleanup
---------------------------------------------------------------------------------
---------------------------------------------------------------------------------
Finished Final Netlist Cleanup
---------------------------------------------------------------------------------
---------------------------------------------------------------------------------
Finished IO Insertion : Time (s): cpu = 00:00:08 ; elapsed = 00:00:09 . Memory (MB): peak = 587.914 ; gain = 268.125
---------------------------------------------------------------------------------

Report Check Netlist: 
+------+------------------+-------+---------+-------+------------------+
|      |Item              |Errors |Warnings |Status |Description       |
+------+------------------+-------+---------+-------+------------------+
|1     |multi_driven_nets |      0|        0|Passed |Multi driven nets |
+------+------------------+-------+---------+-------+------------------+
---------------------------------------------------------------------------------
Start Renaming Generated Instances
---------------------------------------------------------------------------------
---------------------------------------------------------------------------------
Finished Renaming Generated Instances : Time (s): cpu = 00:00:08 ; elapsed = 00:00:09 . Memory (MB): peak = 587.914 ; gain = 268.125
---------------------------------------------------------------------------------

Report RTL Partitions: 
+-+--------------+------------+----------+
| |RTL Partition |Replication |Instances |
+-+--------------+------------+----------+
+-+--------------+------------+----------+
---------------------------------------------------------------------------------
Start Rebuilding User Hierarchy
---------------------------------------------------------------------------------
---------------------------------------------------------------------------------
Finished Rebuilding User Hierarchy : Time (s): cpu = 00:00:08 ; elapsed = 00:00:09 . Memory (MB): peak = 587.914 ; gain = 268.125
---------------------------------------------------------------------------------
---------------------------------------------------------------------------------
Start Renaming Generated Ports
---------------------------------------------------------------------------------
---------------------------------------------------------------------------------
Finished Renaming Generated Ports : Time (s): cpu = 00:00:08 ; elapsed = 00:00:09 . Memory (MB): peak = 587.914 ; gain = 268.125
---------------------------------------------------------------------------------
---------------------------------------------------------------------------------
Start Handling Custom Attributes
---------------------------------------------------------------------------------
---------------------------------------------------------------------------------
Finished Handling Custom Attributes : Time (s): cpu = 00:00:08 ; elapsed = 00:00:09 . Memory (MB): peak = 587.914 ; gain = 268.125
---------------------------------------------------------------------------------
---------------------------------------------------------------------------------
Start Renaming Generated Nets
---------------------------------------------------------------------------------
---------------------------------------------------------------------------------
Finished Renaming Generated Nets : Time (s): cpu = 00:00:08 ; elapsed = 00:00:09 . Memory (MB): peak = 587.914 ; gain = 268.125
---------------------------------------------------------------------------------
---------------------------------------------------------------------------------
Start Writing Synthesis Report
---------------------------------------------------------------------------------

Report BlackBoxes: 
+-+--------------+----------+
| |BlackBox name |Instances |
+-+--------------+----------+
+-+--------------+----------+

Report Cell Usage: 
+------+------+------+
|      |Cell  |Count |
+------+------+------+
|1     |BUFG  |     1|
|2     |LUT1  |     1|
|3     |LUT2  |     6|
|4     |LUT3  |     5|
|5     |LUT4  |    10|
|6     |LUT5  |    32|
|7     |LUT6  |    31|
|8     |MUXF7 |     5|
|9     |FDCE  |    23|
|10    |FDPE  |     2|
|11    |FDRE  |     8|
|12    |IBUF  |    38|
|13    |OBUF  |    12|
+------+------+------+

Report Instance Areas: 
+------+---------+-------+------+
|      |Instance |Module |Cells |
+------+---------+-------+------+
|1     |top      |       |   174|
+------+---------+-------+------+
---------------------------------------------------------------------------------
Finished Writing Synthesis Report : Time (s): cpu = 00:00:08 ; elapsed = 00:00:09 . Memory (MB): peak = 587.914 ; gain = 268.125
---------------------------------------------------------------------------------
Synthesis finished with 0 errors, 0 critical warnings and 2 warnings.
Synthesis Optimization Runtime : Time (s): cpu = 00:00:08 ; elapsed = 00:00:09 . Memory (MB): peak = 587.914 ; gain = 268.125
Synthesis Optimization Complete : Time (s): cpu = 00:00:08 ; elapsed = 00:00:09 . Memory (MB): peak = 587.914 ; gain = 268.125
INFO: [Project 1-571] Translating synthesized netlist
INFO: [Netlist 29-17] Analyzing 43 Unisim elements for replacement
INFO: [Netlist 29-28] Unisim Transformation completed in 1 CPU seconds
INFO: [Project 1-570] Preparing netlist for logic optimization
INFO: [Opt 31-138] Pushed 0 inverter(s) to 0 load pin(s).
INFO: [Project 1-111] Unisim Transformation Summary:
No Unisim elements were transformed.

INFO: [Common 17-83] Releasing license: Synthesis
34 Infos, 2 Warnings, 0 Critical Warnings and 0 Errors encountered.
synth_design completed successfully
synth_design: Time (s): cpu = 00:00:12 ; elapsed = 00:00:14 . Memory (MB): peak = 682.254 ; gain = 375.609
WARNING: [Constraints 18-5210] No constraint will be written out.
INFO: [Common 17-1381] The checkpoint 'D:/Demo/IP/Driver_IIC_IP/Driver_IIC/Driver_IIC.runs/synth_1/Driver_IIC.dcp' has been generated.
INFO: [runtcl-4] Executing : report_utilization -file Driver_IIC_utilization_synth.rpt -pb Driver_IIC_utilization_synth.pb
report_utilization: Time (s): cpu = 00:00:00 ; elapsed = 00:00:00.019 . Memory (MB): peak = 682.254 ; gain = 0.000
INFO: [Common 17-206] Exiting Vivado at Fri Sep 20 14:56:21 2019...
