Copyright 1986-2018 Xilinx, Inc. All Rights Reserved.
-------------------------------------------------------------------------------------------------------------------------------------------------------
| Tool Version     : Vivado v.2018.2 (win64) Build 2258646 Thu Jun 14 20:03:12 MDT 2018
| Date             : Fri Jul 31 21:47:13 2020
| Host             : DESKTOP-GKRBQNH running 64-bit major release  (build 9200)
| Command          : report_power -file Camera_Demo_power_routed.rpt -pb Camera_Demo_power_summary_routed.pb -rpx Camera_Demo_power_routed.rpx
| Design           : Camera_Demo
| Device           : xc7s15ftgb196-1
| Design State     : routed
| Grade            : commercial
| Process          : typical
| Characterization : Production
-------------------------------------------------------------------------------------------------------------------------------------------------------

Power Report

Table of Contents
-----------------
1. Summary
1.1 On-Chip Components
1.2 Power Supply Summary
1.3 Confidence Level
2. Settings
2.1 Environment
2.2 Clock Constraints
3. Detailed Reports
3.1 By Hierarchy

1. Summary
----------

+--------------------------+--------------+
| Total On-Chip Power (W)  | 0.430        |
| Design Power Budget (W)  | Unspecified* |
| Power Budget Margin (W)  | NA           |
| Dynamic (W)              | 0.409        |
| Device Static (W)        | 0.021        |
| Effective TJA (C/W)      | 3.4          |
| Max Ambient (C)          | 83.5         |
| Junction Temperature (C) | 26.5         |
| Confidence Level         | Low          |
| Setting File             | ---          |
| Simulation Activity File | ---          |
| Design Nets Matched      | NA           |
+--------------------------+--------------+
* Specify Design Power Budget using, set_operating_conditions -design_power_budget <value in Watts>


1.1 On-Chip Components
----------------------

+-------------------------+-----------+----------+-----------+-----------------+
| On-Chip                 | Power (W) | Used     | Available | Utilization (%) |
+-------------------------+-----------+----------+-----------+-----------------+
| Clocks                  |     0.016 |       15 |       --- |             --- |
| Slice Logic             |     0.010 |     4040 |       --- |             --- |
|   LUT as Logic          |     0.008 |     2010 |      8000 |           25.13 |
|   CARRY4                |     0.001 |      281 |      2000 |           14.05 |
|   Register              |    <0.001 |     1194 |     16000 |            7.46 |
|   LUT as Shift Register |    <0.001 |        8 |      2400 |            0.33 |
|   F7/F8 Muxes           |    <0.001 |       17 |      8000 |            0.21 |
|   Others                |     0.000 |      134 |       --- |             --- |
| Signals                 |     0.011 |     3172 |       --- |             --- |
| Block RAM               |     0.017 |        8 |        10 |           80.00 |
| MMCM                    |     0.183 |        2 |         2 |          100.00 |
| DSPs                    |     0.003 |        4 |        20 |           20.00 |
| I/O                     |     0.170 |       24 |       100 |           24.00 |
| Static Power            |     0.021 |          |           |                 |
| Total                   |     0.430 |          |           |                 |
+-------------------------+-----------+----------+-----------+-----------------+


1.2 Power Supply Summary
------------------------

+-----------+-------------+-----------+-------------+------------+
| Source    | Voltage (V) | Total (A) | Dynamic (A) | Static (A) |
+-----------+-------------+-----------+-------------+------------+
| Vccint    |       1.000 |     0.066 |       0.062 |      0.004 |
| Vccaux    |       1.800 |     0.118 |       0.111 |      0.007 |
| Vcco33    |       3.300 |     0.045 |       0.044 |      0.001 |
| Vcco25    |       2.500 |     0.000 |       0.000 |      0.000 |
| Vcco18    |       1.800 |     0.000 |       0.000 |      0.000 |
| Vcco15    |       1.500 |     0.000 |       0.000 |      0.000 |
| Vcco135   |       1.350 |     0.000 |       0.000 |      0.000 |
| Vcco12    |       1.200 |     0.000 |       0.000 |      0.000 |
| Vccaux_io |       1.800 |     0.000 |       0.000 |      0.000 |
| Vccbram   |       1.000 |     0.002 |       0.001 |      0.000 |
| Vccadc    |       1.800 |     0.000 |       0.000 |      0.000 |
+-----------+-------------+-----------+-------------+------------+


1.3 Confidence Level
--------------------

+-----------------------------+------------+--------------------------------------------------------+------------------------------------------------------------------------------------------------------------+
| User Input Data             | Confidence | Details                                                | Action                                                                                                     |
+-----------------------------+------------+--------------------------------------------------------+------------------------------------------------------------------------------------------------------------+
| Design implementation state | High       | Design is routed                                       |                                                                                                            |
| Clock nodes activity        | High       | User specified more than 95% of clocks                 |                                                                                                            |
| I/O nodes activity          | Low        | More than 75% of inputs are missing user specification | Provide missing input activity with simulation results or by editing the "By Resource Type -> I/Os" view   |
| Internal nodes activity     | Medium     | User specified less than 25% of internal nodes         | Provide missing internal nodes activity with simulation results or by editing the "By Resource Type" views |
| Device models               | High       | Device models are Production                           |                                                                                                            |
|                             |            |                                                        |                                                                                                            |
| Overall confidence level    | Low        |                                                        |                                                                                                            |
+-----------------------------+------------+--------------------------------------------------------+------------------------------------------------------------------------------------------------------------+


2. Settings
-----------

2.1 Environment
---------------

+-----------------------+--------------------------+
| Ambient Temp (C)      | 25.0                     |
| ThetaJA (C/W)         | 3.4                      |
| Airflow (LFM)         | 250                      |
| Heat Sink             | medium (Medium Profile)  |
| ThetaSA (C/W)         | 15.4                     |
| Board Selection       | medium (10"x10")         |
| # of Board Layers     | 12to15 (12 to 15 Layers) |
| Board Temperature (C) | 25.0                     |
+-----------------------+--------------------------+


2.2 Clock Constraints
---------------------

+--------------------+--------------------------------------------------+-----------------+
| Clock              | Domain                                           | Constraint (ns) |
+--------------------+--------------------------------------------------+-----------------+
| clk_out1_clk_wiz_0 | clk_10/inst/clk_out1_clk_wiz_0                   |            10.0 |
| clk_out1_clk_wiz_1 | Driver_MIPI0/clk_11/inst/clk_out1_clk_wiz_1      |            10.0 |
| clk_out2_clk_wiz_0 | clk_10/inst/clk_out2_clk_wiz_0                   |             5.0 |
| clk_out2_clk_wiz_1 | Driver_MIPI0/clk_11/inst/clk_out2                |             2.5 |
| clk_out2_clk_wiz_1 | Driver_MIPI0/clk_11/inst/clk_out2_clk_wiz_1      |             2.5 |
| clk_out4_clk_wiz_0 | clk_10/inst/clk_out4_clk_wiz_0                   |           100.0 |
| clkfbout_clk_wiz_0 | clk_10/inst/clkfbout_clk_wiz_0                   |            10.0 |
| clkfbout_clk_wiz_1 | Driver_MIPI0/clk_11/inst/clkfbout_clk_wiz_1      |            10.0 |
| dphy_hs_clock_p    | Clk_Rx_Data_P                                    |             4.8 |
| pclk               | Driver_MIPI0/Data_Read/U0/clock_system_inst/CLK  |            19.0 |
| pclk               | Driver_MIPI0/Data_Read/U0/clock_system_inst/pclk |            19.0 |
| sys_clk_pin        | clk_100MHz                                       |            10.0 |
| sys_clk_pin        | clk_100MHz_IBUF_BUFG                             |            10.0 |
+--------------------+--------------------------------------------------+-----------------+


3. Detailed Reports
-------------------

3.1 By Hierarchy
----------------

+--------------------------------------------------+-----------+
| Name                                             | Power (W) |
+--------------------------------------------------+-----------+
| Camera_Demo                                      |     0.409 |
|   Camera_IIC_SDA_IOBUF                           |    <0.001 |
|   Clk_Div                                        |    <0.001 |
|   Diver_OV5647_Init                              |     0.002 |
|   Driver_HDMI0                                   |     0.148 |
|     rgb2dvi                                      |     0.148 |
|       U0                                         |     0.148 |
|         ClockSerializer                          |     0.033 |
|         DataEncoders[0].DataEncoder              |     0.001 |
|         DataEncoders[0].DataSerializer           |     0.037 |
|         DataEncoders[1].DataEncoder              |     0.001 |
|         DataEncoders[1].DataSerializer           |     0.037 |
|         DataEncoders[2].DataEncoder              |     0.001 |
|         DataEncoders[2].DataSerializer           |     0.037 |
|         LockLostReset                            |    <0.001 |
|           SyncAsyncx                             |    <0.001 |
|   Driver_IIC0                                    |    <0.001 |
|   Driver_MIPI0                                   |     0.111 |
|     Data_Read                                    |     0.023 |
|       U0                                         |     0.023 |
|         bits_gen[0].line_if_inst                 |     0.003 |
|         bits_gen[1].line_if_inst                 |     0.003 |
|         clock_system_inst                        |     0.018 |
|     Data_To_Csi                                  |     0.001 |
|       U0                                         |     0.001 |
|         lane_align_inst                          |    <0.001 |
|         lane_merge_inst                          |    <0.001 |
|         parser_inst                              |    <0.001 |
|     Driver_Bayer_To_RGB0                         |     0.008 |
|       bram0                                      |    <0.001 |
|         U0                                       |    <0.001 |
|           inst_blk_mem_gen                       |    <0.001 |
|             gnbram.gnativebmg.native_blk_mem_gen |    <0.001 |
|               valid.cstr                         |    <0.001 |
|                 ramloop[0].ram.r                 |    <0.001 |
|                   prim_noinit.ram                |    <0.001 |
|       bram1                                      |     0.001 |
|         U0                                       |     0.001 |
|           inst_blk_mem_gen                       |     0.001 |
|             gnbram.gnativebmg.native_blk_mem_gen |     0.001 |
|               valid.cstr                         |     0.001 |
|                 ramloop[0].ram.r                 |     0.001 |
|                   prim_noinit.ram                |     0.001 |
|       bram2                                      |    <0.001 |
|         U0                                       |    <0.001 |
|           inst_blk_mem_gen                       |    <0.001 |
|             gnbram.gnativebmg.native_blk_mem_gen |    <0.001 |
|               valid.cstr                         |    <0.001 |
|                 ramloop[0].ram.r                 |    <0.001 |
|                   prim_noinit.ram                |    <0.001 |
|     Driver_Csi_To_Dvp0                           |     0.002 |
|       bram0                                      |     0.001 |
|         U0                                       |     0.001 |
|           inst_blk_mem_gen                       |     0.001 |
|             gnbram.gnativebmg.native_blk_mem_gen |     0.001 |
|               valid.cstr                         |     0.001 |
|                 ramloop[0].ram.r                 |     0.001 |
|                   prim_noinit.ram                |     0.001 |
|     clk_11                                       |     0.077 |
|       inst                                       |     0.077 |
|   Video_Generator0                               |     0.015 |
|     color_show                                   |    <0.001 |
|       black1                                     |    <0.001 |
|       blue1                                      |    <0.001 |
|       cyan1                                      |    <0.001 |
|       green1                                     |    <0.001 |
|       grey1                                      |    <0.001 |
|       orange1                                    |    <0.001 |
|       purple1                                    |    <0.001 |
|       red1                                       |    <0.001 |
|       write1                                     |    <0.001 |
|       yellow1                                    |    <0.001 |
|     num_show                                     |     0.012 |
|       num0_inst                                  |     0.001 |
|       num1_inst                                  |     0.001 |
|       num2_inst                                  |     0.001 |
|       num3_inst                                  |     0.001 |
|       num4_inst                                  |     0.001 |
|       num5_inst                                  |     0.001 |
|       num6_inst                                  |     0.001 |
|       num7_inst                                  |     0.001 |
|     num_show1                                    |     0.002 |
|       num0_inst                                  |    <0.001 |
|       num8_inst                                  |    <0.001 |
|       num9_inst                                  |    <0.001 |
|     shape_show                                   |    <0.001 |
|       fang1                                      |    <0.001 |
|       ling1                                      |    <0.001 |
|       san1                                       |    <0.001 |
|       yuan1                                      |    <0.001 |
|   clk_10                                         |     0.107 |
|     inst                                         |     0.107 |
|   col                                            |    <0.001 |
|   hsv                                            |     0.010 |
|   judge                                          |    <0.001 |
|   number                                         |    <0.001 |
|     zero2one                                     |    <0.001 |
|   rgb                                            |    <0.001 |
|   rgb2gray0                                      |    <0.001 |
|   state1                                         |    <0.001 |
+--------------------------------------------------+-----------+


