Copyright 1986-2018 Xilinx, Inc. All Rights Reserved.
---------------------------------------------------------------------------------------------------------------------------
| Tool Version : Vivado v.2018.2 (win64) Build 2258646 Thu Jun 14 20:03:12 MDT 2018
| Date         : Fri Jul 31 21:47:01 2020
| Host         : DESKTOP-GKRBQNH running 64-bit major release  (build 9200)
| Command      : report_drc -file Camera_Demo_drc_routed.rpt -pb Camera_Demo_drc_routed.pb -rpx Camera_Demo_drc_routed.rpx
| Design       : Camera_Demo
| Device       : xc7s15ftgb196-1
| Speed File   : -1
| Design State : Routed
---------------------------------------------------------------------------------------------------------------------------

Report DRC

Table of Contents
-----------------
1. REPORT SUMMARY
2. REPORT DETAILS

1. REPORT SUMMARY
-----------------
            Netlist: netlist
          Floorplan: design_1
      Design limits: <entire design considered>
           Ruledeck: default
             Max violations: <unlimited>
             Violations found: 10
+----------+----------+-----------------------------------------------------+------------+
| Rule     | Severity | Description                                         | Violations |
+----------+----------+-----------------------------------------------------+------------+
| BUFC-1   | Warning  | Input Buffer Connections                            | 1          |
| CFGBVS-1 | Warning  | Missing CFGBVS and CONFIG_VOLTAGE Design Properties | 1          |
| DPIP-1   | Warning  | Input pipelining                                    | 6          |
| PDRC-153 | Warning  | Gated clock check                                   | 2          |
+----------+----------+-----------------------------------------------------+------------+

2. REPORT DETAILS
-----------------
BUFC-1#1 Warning
Input Buffer Connections  
Input buffer Camera_IIC_SDA_IOBUF/IBUF (in Camera_IIC_SDA_IOBUF macro) has no loads. It is recommended to have an input buffer drive an internal load.
Related violations: <none>

CFGBVS-1#1 Warning
Missing CFGBVS and CONFIG_VOLTAGE Design Properties  
Neither the CFGBVS nor CONFIG_VOLTAGE voltage property is set in the current_design.  Configuration bank voltage select (CFGBVS) must be set to VCCO or GND, and CONFIG_VOLTAGE must be set to the correct configuration voltage, in order to determine the I/O voltage support for the pins in bank 0.  It is suggested to specify these either using the 'Edit Device Properties' function in the GUI or directly in the XDC file using the following syntax:

 set_property CFGBVS value1 [current_design]
 #where value1 is either VCCO or GND

 set_property CONFIG_VOLTAGE value2 [current_design]
 #where value2 is the voltage provided to configuration bank 0

Refer to the device configuration user guide for more information.
Related violations: <none>

DPIP-1#1 Warning
Input pipelining  
DSP Video_Generator0/num_show/rom_addr1_reg_rep input Video_Generator0/num_show/rom_addr1_reg_rep/A[29:0] is not pipelined. Pipelining DSP48 input will improve performance.
Related violations: <none>

DPIP-1#2 Warning
Input pipelining  
DSP Video_Generator0/num_show/rom_addr1_reg_rep input Video_Generator0/num_show/rom_addr1_reg_rep/C[47:0] is not pipelined. Pipelining DSP48 input will improve performance.
Related violations: <none>

DPIP-1#3 Warning
Input pipelining  
DSP Video_Generator0/num_show1/rom_addr1_reg_rep input Video_Generator0/num_show1/rom_addr1_reg_rep/A[29:0] is not pipelined. Pipelining DSP48 input will improve performance.
Related violations: <none>

DPIP-1#4 Warning
Input pipelining  
DSP Video_Generator0/num_show1/rom_addr1_reg_rep input Video_Generator0/num_show1/rom_addr1_reg_rep/C[47:0] is not pipelined. Pipelining DSP48 input will improve performance.
Related violations: <none>

DPIP-1#5 Warning
Input pipelining  
DSP hsv/h_dividend_reg input hsv/h_dividend_reg/A[29:0] is not pipelined. Pipelining DSP48 input will improve performance.
Related violations: <none>

DPIP-1#6 Warning
Input pipelining  
DSP hsv/s_dividend_reg input hsv/s_dividend_reg/A[29:0] is not pipelined. Pipelining DSP48 input will improve performance.
Related violations: <none>

PDRC-153#1 Warning
Gated clock check  
Net Driver_MIPI0/Data_Read/U0/clock_system_inst/I1 is a gated clock net sourced by a combinational pin Driver_MIPI0/Data_Read/U0/clock_system_inst/dly_gen.BUFGCTRL_inst_i_1/O, cell Driver_MIPI0/Data_Read/U0/clock_system_inst/dly_gen.BUFGCTRL_inst_i_1. This is not good design practice and will likely impact performance. For SLICE registers, for example, use the CE pin to control the loading of data.
Related violations: <none>

PDRC-153#2 Warning
Gated clock check  
Net state1/Rst is a gated clock net sourced by a combinational pin state1/State_reg[2]_i_1/O, cell state1/State_reg[2]_i_1. This is not good design practice and will likely impact performance. For SLICE registers, for example, use the CE pin to control the loading of data.
Related violations: <none>


