#-----------------------------------------------------------
# Vivado v2018.2 (64-bit)
# SW Build 2258646 on Thu Jun 14 20:03:12 MDT 2018
# IP Build 2256618 on Thu Jun 14 22:10:49 MDT 2018
# Start of session at: Mon Jul 27 15:17:50 2020
# Process ID: 25264
# Current directory: D:/summer/demo/Camera_Demo/Camera_Demo
# Command line: vivado.exe -gui_launcher_event rodinguilauncherevent24076 D:\summer\demo\Camera_Demo\Camera_Demo\Camera_Demo.xpr
# Log file: D:/summer/demo/Camera_Demo/Camera_Demo/vivado.log
# Journal file: D:/summer/demo/Camera_Demo/Camera_Demo\vivado.jou
#-----------------------------------------------------------
start_gui
open_project D:/summer/demo/Camera_Demo/Camera_Demo/Camera_Demo.xpr
Scanning sources...
Finished scanning sources
INFO: [IP_Flow 19-234] Refreshing IP repositories
INFO: [IP_Flow 19-1700] Loaded user IP repository 'd:/summer/demo/IP'.
INFO: [IP_Flow 19-2313] Loaded Vivado IP repository 'E:/xilinx/Vivado/2018.2/data/ip'.
open_project: Time (s): cpu = 00:00:31 ; elapsed = 00:00:39 . Memory (MB): peak = 810.582 ; gain = 125.160
update_compile_order -fileset sources_1
close [ open D:/summer/demo/Camera_Demo/Camera_Demo/Camera_Demo.srcs/sources_1/new/lan.v w ]
add_files D:/summer/demo/Camera_Demo/Camera_Demo/Camera_Demo.srcs/sources_1/new/lan.v
update_compile_order -fileset sources_1
close [ open D:/summer/demo/Camera_Demo/Camera_Demo/Camera_Demo.srcs/sources_1/new/qing.v w ]
add_files D:/summer/demo/Camera_Demo/Camera_Demo/Camera_Demo.srcs/sources_1/new/qing.v
update_compile_order -fileset sources_1
close [ open D:/summer/demo/Camera_Demo/Camera_Demo/Camera_Demo.srcs/sources_1/new/bai.v w ]
add_files D:/summer/demo/Camera_Demo/Camera_Demo/Camera_Demo.srcs/sources_1/new/bai.v
update_compile_order -fileset sources_1
close [ open D:/summer/demo/Camera_Demo/Camera_Demo/Camera_Demo.srcs/sources_1/new/lv.v w ]
add_files D:/summer/demo/Camera_Demo/Camera_Demo/Camera_Demo.srcs/sources_1/new/lv.v
update_compile_order -fileset sources_1
close [ open D:/summer/demo/Camera_Demo/Camera_Demo/Camera_Demo.srcs/sources_1/new/black.v w ]
add_files D:/summer/demo/Camera_Demo/Camera_Demo/Camera_Demo.srcs/sources_1/new/black.v
update_compile_order -fileset sources_1
close [ open D:/summer/demo/Camera_Demo/Camera_Demo/Camera_Demo.srcs/sources_1/new/orange.v w ]
add_files D:/summer/demo/Camera_Demo/Camera_Demo/Camera_Demo.srcs/sources_1/new/orange.v
close [ open D:/summer/demo/Camera_Demo/Camera_Demo/Camera_Demo.srcs/sources_1/new/purple.v w ]
add_files D:/summer/demo/Camera_Demo/Camera_Demo/Camera_Demo.srcs/sources_1/new/purple.v
close [ open D:/summer/demo/Camera_Demo/Camera_Demo/Camera_Demo.srcs/sources_1/new/red.v w ]
add_files D:/summer/demo/Camera_Demo/Camera_Demo/Camera_Demo.srcs/sources_1/new/red.v
close [ open D:/summer/demo/Camera_Demo/Camera_Demo/Camera_Demo.srcs/sources_1/new/yellow.v w ]
add_files D:/summer/demo/Camera_Demo/Camera_Demo/Camera_Demo.srcs/sources_1/new/yellow.v
close [ open D:/summer/demo/Camera_Demo/Camera_Demo/Camera_Demo.srcs/sources_1/new/grey.v w ]
add_files D:/summer/demo/Camera_Demo/Camera_Demo/Camera_Demo.srcs/sources_1/new/grey.v
update_compile_order -fileset sources_1
close [ open D:/summer/demo/Camera_Demo/Camera_Demo/Camera_Demo.srcs/sources_1/new/rgb2hsv_top.v w ]
add_files D:/summer/demo/Camera_Demo/Camera_Demo/Camera_Demo.srcs/sources_1/new/rgb2hsv_top.v
update_compile_order -fileset sources_1
update_compile_order -fileset sources_1
close [ open D:/summer/demo/Camera_Demo/Camera_Demo/Camera_Demo.srcs/sources_1/new/HSV_To_RGB.v w ]
add_files D:/summer/demo/Camera_Demo/Camera_Demo/Camera_Demo.srcs/sources_1/new/HSV_To_RGB.v
update_compile_order -fileset sources_1
reset_run synth_1
launch_runs synth_1 -jobs 2
INFO: [Vivado 12-4149] The synthesis checkpoint for IP 'D:/summer/demo/Camera_Demo/Camera_Demo/Camera_Demo.srcs/sources_1/ip/rgb2dvi_0/rgb2dvi_0.xci' is already up-to-date
INFO: [Vivado 12-4149] The synthesis checkpoint for IP 'D:/summer/demo/Camera_Demo/Camera_Demo/Camera_Demo.srcs/sources_1/ip/Clk_Division_0/Clk_Division_0.xci' is already up-to-date
[Mon Jul 27 21:57:34 2020] Launched synth_1...
Run output will be captured here: D:/summer/demo/Camera_Demo/Camera_Demo/Camera_Demo.runs/synth_1/runme.log
launch_runs impl_1 -jobs 2
INFO: [Vivado 12-4149] The synthesis checkpoint for IP 'D:/summer/demo/Camera_Demo/Camera_Demo/Camera_Demo.srcs/sources_1/ip/rgb2dvi_0/rgb2dvi_0.xci' is already up-to-date
INFO: [Vivado 12-4149] The synthesis checkpoint for IP 'D:/summer/demo/Camera_Demo/Camera_Demo/Camera_Demo.srcs/sources_1/ip/Clk_Division_0/Clk_Division_0.xci' is already up-to-date
[Mon Jul 27 22:01:31 2020] Launched impl_1...
Run output will be captured here: D:/summer/demo/Camera_Demo/Camera_Demo/Camera_Demo.runs/impl_1/runme.log
launch_runs impl_1 -to_step write_bitstream -jobs 2
INFO: [Vivado 12-4149] The synthesis checkpoint for IP 'D:/summer/demo/Camera_Demo/Camera_Demo/Camera_Demo.srcs/sources_1/ip/rgb2dvi_0/rgb2dvi_0.xci' is already up-to-date
INFO: [Vivado 12-4149] The synthesis checkpoint for IP 'D:/summer/demo/Camera_Demo/Camera_Demo/Camera_Demo.srcs/sources_1/ip/Clk_Division_0/Clk_Division_0.xci' is already up-to-date
[Mon Jul 27 22:25:30 2020] Launched impl_1...
Run output will be captured here: D:/summer/demo/Camera_Demo/Camera_Demo/Camera_Demo.runs/impl_1/runme.log
reset_run impl_1
launch_runs impl_1 -jobs 2
INFO: [Vivado 12-4149] The synthesis checkpoint for IP 'D:/summer/demo/Camera_Demo/Camera_Demo/Camera_Demo.srcs/sources_1/ip/rgb2dvi_0/rgb2dvi_0.xci' is already up-to-date
INFO: [Vivado 12-4149] The synthesis checkpoint for IP 'D:/summer/demo/Camera_Demo/Camera_Demo/Camera_Demo.srcs/sources_1/ip/Clk_Division_0/Clk_Division_0.xci' is already up-to-date
[Mon Jul 27 22:28:37 2020] Launched impl_1...
Run output will be captured here: D:/summer/demo/Camera_Demo/Camera_Demo/Camera_Demo.runs/impl_1/runme.log
reset_run synth_1
launch_runs synth_1 -jobs 2
INFO: [Vivado 12-4149] The synthesis checkpoint for IP 'D:/summer/demo/Camera_Demo/Camera_Demo/Camera_Demo.srcs/sources_1/ip/rgb2dvi_0/rgb2dvi_0.xci' is already up-to-date
INFO: [Vivado 12-4149] The synthesis checkpoint for IP 'D:/summer/demo/Camera_Demo/Camera_Demo/Camera_Demo.srcs/sources_1/ip/Clk_Division_0/Clk_Division_0.xci' is already up-to-date
[Mon Jul 27 22:32:11 2020] Launched synth_1...
Run output will be captured here: D:/summer/demo/Camera_Demo/Camera_Demo/Camera_Demo.runs/synth_1/runme.log
launch_runs impl_1 -jobs 2
INFO: [Vivado 12-4149] The synthesis checkpoint for IP 'D:/summer/demo/Camera_Demo/Camera_Demo/Camera_Demo.srcs/sources_1/ip/rgb2dvi_0/rgb2dvi_0.xci' is already up-to-date
INFO: [Vivado 12-4149] The synthesis checkpoint for IP 'D:/summer/demo/Camera_Demo/Camera_Demo/Camera_Demo.srcs/sources_1/ip/Clk_Division_0/Clk_Division_0.xci' is already up-to-date
[Mon Jul 27 22:35:40 2020] Launched impl_1...
Run output will be captured here: D:/summer/demo/Camera_Demo/Camera_Demo/Camera_Demo.runs/impl_1/runme.log
open_run impl_1
INFO: [Netlist 29-17] Analyzing 65 Unisim elements for replacement
INFO: [Netlist 29-28] Unisim Transformation completed in 0 CPU seconds
INFO: [Project 1-479] Netlist was created with Vivado 2018.2
INFO: [Device 21-403] Loading part xc7s15ftgb196-1
INFO: [Project 1-570] Preparing netlist for logic optimization
WARNING: [Constraints 18-550] Could not create 'IBUF_LOW_PWR' constraint because net 'Driver_MIPI0/clk_11/clk_in1' is not directly connected to top level port. Synthesis is ignored for d:/summer/demo/Camera_Demo/Camera_Demo/Camera_Demo.srcs/sources_1/ip/clk_wiz_1/clk_wiz_1/clk_wiz_1.edf but preserved for implementation. [d:/summer/demo/Camera_Demo/Camera_Demo/Camera_Demo.srcs/sources_1/ip/clk_wiz_1/clk_wiz_1/clk_wiz_1.edf:296]
INFO: [Constraints 18-4398] Generator version for shapeDB does not match. shapeDB will be regenerated.
INFO: [Timing 38-478] Restoring timing data from binary archive.
INFO: [Timing 38-479] Binary timing data restore complete.
INFO: [Project 1-856] Restoring constraints from binary archive.
INFO: [Project 1-853] Binary constraint restore complete.
Reading XDEF placement.
Reading placer database...
Reading XDEF routing.
Read XDEF File: Time (s): cpu = 00:00:00 ; elapsed = 00:00:00.449 . Memory (MB): peak = 1595.168 ; gain = 0.000
Restored from archive | CPU: 0.000000 secs | Memory: 0.000000 MB |
Finished XDEF File Restore: Time (s): cpu = 00:00:00 ; elapsed = 00:00:00.524 . Memory (MB): peak = 1595.168 ; gain = 0.000
INFO: [Project 1-111] Unisim Transformation Summary:
  A total of 1 instances were transformed.
  IOBUF => IOBUF (IBUF, OBUFT): 1 instances

open_run: Time (s): cpu = 00:00:43 ; elapsed = 00:01:00 . Memory (MB): peak = 1633.203 ; gain = 727.176
CRITICAL WARNING: [Timing 38-282] The design failed to meet the timing requirements. Please see the timing summary report for details on the timing violations.
launch_runs impl_1 -to_step write_bitstream -jobs 2
INFO: [Vivado 12-4149] The synthesis checkpoint for IP 'D:/summer/demo/Camera_Demo/Camera_Demo/Camera_Demo.srcs/sources_1/ip/rgb2dvi_0/rgb2dvi_0.xci' is already up-to-date
INFO: [Vivado 12-4149] The synthesis checkpoint for IP 'D:/summer/demo/Camera_Demo/Camera_Demo/Camera_Demo.srcs/sources_1/ip/Clk_Division_0/Clk_Division_0.xci' is already up-to-date
[Mon Jul 27 22:55:17 2020] Launched impl_1...
Run output will be captured here: D:/summer/demo/Camera_Demo/Camera_Demo/Camera_Demo.runs/impl_1/runme.log
exit
INFO: [Common 17-206] Exiting Vivado at Tue Jul 28 00:12:50 2020...
