Copyright 1986-2018 Xilinx, Inc. All Rights Reserved.
-----------------------------------------------------------------------------------------
| Tool Version : Vivado v.2018.2 (win64) Build 2258646 Thu Jun 14 20:03:12 MDT 2018
| Date         : Sun Oct 20 18:52:31 2019
| Host         : DESKTOP-DU9F0PS running 64-bit major release  (build 9200)
| Command      : report_clock_utilization -file Driver_MIPI_clock_utilization_routed.rpt
| Design       : Driver_MIPI
| Device       : 7s15-ftgb196
| Speed File   : -1  PRODUCTION 1.22 2018-03-21
-----------------------------------------------------------------------------------------

Clock Utilization Report

Table of Contents
-----------------
1. Clock Primitive Utilization
2. Global Clock Resources
3. Global Clock Source Details
4. Clock Regions: Key Resource Utilization
5. Clock Regions : Global Clock Summary
6. Device Cell Placement Summary for Global Clock g0
7. Device Cell Placement Summary for Global Clock g1
8. Device Cell Placement Summary for Global Clock g2
9. Device Cell Placement Summary for Global Clock g3
10. Clock Region Cell Placement per Global Clock: Region X0Y0
11. Clock Region Cell Placement per Global Clock: Region X1Y0

1. Clock Primitive Utilization
------------------------------

+----------+------+-----------+-----+--------------+--------+
| Type     | Used | Available | LOC | Clock Region | Pblock |
+----------+------+-----------+-----+--------------+--------+
| BUFGCTRL |    3 |        16 |   0 |            0 |      0 |
| BUFH     |    0 |        24 |   0 |            0 |      0 |
| BUFIO    |    1 |         8 |   0 |            0 |      0 |
| BUFMR    |    1 |         4 |   0 |            0 |      0 |
| BUFR     |    1 |         8 |   0 |            0 |      0 |
| MMCM     |    0 |         2 |   0 |            0 |      0 |
| PLL      |    0 |         2 |   0 |            0 |      0 |
+----------+------+-----------+-----+--------------+--------+


2. Global Clock Resources
-------------------------

+-----------+-----------+-----------------+------------+---------------+--------------+-------------------+-------------+-----------------+--------------+-------+--------------------------------------------------------+-------------------------------------+
| Global Id | Source Id | Driver Type/Pin | Constraint | Site          | Clock Region | Load Clock Region | Clock Loads | Non-Clock Loads | Clock Period | Clock | Driver Pin                                             | Net                                 |
+-----------+-----------+-----------------+------------+---------------+--------------+-------------------+-------------+-----------------+--------------+-------+--------------------------------------------------------+-------------------------------------+
| g0        | src0      | BUFG/O          | None       | BUFGCTRL_X0Y0 | n/a          |                 2 |         448 |               1 |              |       | Data_Read/U0/clock_system_inst/usr_BUFG_inst/O         | Data_Read/U0/clock_system_inst/CLK  |
| g1        | src1      | BUFG/O          | None       | BUFGCTRL_X0Y1 | n/a          |                 2 |         108 |               0 |              |       | clk_200MHz_IBUF_BUFG_inst/O                            | clk_200MHz_IBUF_BUFG                |
| g2        | src2      | BUFR/O          | None       | BUFR_X0Y2     | X0Y0         |                 2 |           3 |               1 |              |       | Data_Read/U0/clock_system_inst/BUFR_inst/O             | Data_Read/U0/clock_system_inst/pclk |
| g3        | src3      | BUFGCTRL/O      | None       | BUFGCTRL_X0Y2 | n/a          |                 1 |           1 |               0 |              |       | Data_Read/U0/clock_system_inst/dly_gen.BUFGCTRL_inst/O | Data_Read/U0/clock_system_inst/I    |
+-----------+-----------+-----------------+------------+---------------+--------------+-------------------+-------------+-----------------+--------------+-------+--------------------------------------------------------+-------------------------------------+
* Clock Loads column represents the clock pin loads (pin count)
** Non-Clock Loads column represents the non-clock pin loads (pin count)


3. Global Clock Source Details
------------------------------

+-----------+-----------+------------------+------------+--------------+--------------+-------------+-----------------+---------------------+--------------+--------------------------------------------------------------+------------------------------------------+
| Source Id | Global Id | Driver Type/Pin  | Constraint | Site         | Clock Region | Clock Loads | Non-Clock Loads | Source Clock Period | Source Clock | Driver Pin                                                   | Net                                      |
+-----------+-----------+------------------+------------+--------------+--------------+-------------+-----------------+---------------------+--------------+--------------------------------------------------------------+------------------------------------------+
| src0      | g0        | BUFR/O           | None       | BUFR_X0Y2    | X0Y0         |           4 |               0 |                     |              | Data_Read/U0/clock_system_inst/BUFR_inst/O                   | Data_Read/U0/clock_system_inst/pclk      |
| src1      | g1        | IBUF/O           | None       | IOB_X0Y28    | X0Y0         |           1 |               0 |                     |              | clk_200MHz_IBUF_inst/O                                       | clk_200MHz_IBUF                          |
| src2      | g2,       | BUFMRCE/O        | None       | BUFMRCE_X0Y1 | X0Y0         |           2 |               0 |                     |              | Data_Read/U0/clock_system_inst/BUFMRCE_inst/O                | Data_Read/U0/clock_system_inst/clk_bufmr |
| src3      | g3        | IDELAYE2/DATAOUT | None       | IDELAY_X0Y2  | X0Y0         |           1 |               1 |                     |              | Data_Read/U0/clock_system_inst/dly_gen.IDELAYE2_inst/DATAOUT | Data_Read/U0/clock_system_inst/clk_d     |
+-----------+-----------+------------------+------------+--------------+--------------+-------------+-----------------+---------------------+--------------+--------------------------------------------------------------+------------------------------------------+
* Clock Loads column represents the clock pin loads (pin count)
** Non-Clock Loads column represents the non-clock pin loads (pin count)


4. Clock Regions: Key Resource Utilization
------------------------------------------

+-------------------+--------------+--------------+--------------+--------------+--------------+--------------+--------------+--------------+--------------+--------------+--------------+--------------+--------------+--------------+--------------+
|                   | Global Clock |     BUFRs    |    BUFMRs    |    BUFIOs    |     MMCM     |      PLL     |      GT      |      PCI     |    ILOGIC    |    OLOGIC    |      FF      |     LUTM     |    RAMB18    |    RAMB36    |    DSP48E2   |
+-------------------+------+-------+------+-------+------+-------+------+-------+------+-------+------+-------+------+-------+------+-------+------+-------+------+-------+------+-------+------+-------+------+-------+------+-------+------+-------+
| Clock Region Name | Used | Avail | Used | Avail | Used | Avail | Used | Avail | Used | Avail | Used | Avail | Used | Avail | Used | Avail | Used | Avail | Used | Avail | Used | Avail | Used | Avail | Used | Avail | Used | Avail | Used | Avail |
+-------------------+------+-------+------+-------+------+-------+------+-------+------+-------+------+-------+------+-------+------+-------+------+-------+------+-------+------+-------+------+-------+------+-------+------+-------+------+-------+
| X0Y0              |    6 |    12 |    1 |     4 |    1 |     2 |    1 |     4 |    0 |     1 |    0 |     1 |    0 |     0 |    0 |     0 |    2 |    50 |    0 |    50 |  417 |   900 |  132 |   200 |    0 |     0 |    0 |     0 |    0 |     0 |
| X1Y0              |    2 |    12 |    0 |     4 |    0 |     2 |    0 |     4 |    0 |     1 |    0 |     1 |    0 |     0 |    0 |     0 |    0 |    50 |    0 |    50 |  118 |  1100 |   35 |   400 |    2 |    20 |    0 |    10 |    0 |    20 |
+-------------------+------+-------+------+-------+------+-------+------+-------+------+-------+------+-------+------+-------+------+-------+------+-------+------+-------+------+-------+------+-------+------+-------+------+-------+------+-------+
* Global Clock column represents track count; while other columns represents cell counts


5. Clock Regions : Global Clock Summary
---------------------------------------

All Modules
+----+----+----+
|    | X0 | X1 |
+----+----+----+
| Y0 |  6 |  2 |
+----+----+----+


6. Device Cell Placement Summary for Global Clock g0
----------------------------------------------------

+-----------+-----------------+-------------------+-------+-------------+---------------+-------------+----------+----------------+----------+------------------------------------+
| Global Id | Driver Type/Pin | Driver Region (D) | Clock | Period (ns) | Waveform (ns) | Slice Loads | IO Loads | Clocking Loads | GT Loads | Net                                |
+-----------+-----------------+-------------------+-------+-------------+---------------+-------------+----------+----------------+----------+------------------------------------+
| g0        | BUFG/O          | n/a               |       |             |               |         444 |        1 |              0 |        0 | Data_Read/U0/clock_system_inst/CLK |
+-----------+-----------------+-------------------+-------+-------------+---------------+-------------+----------+----------------+----------+------------------------------------+
* Logic Loads column represents load cell count of all cell types other than IO, GT and clock resources
** IO Loads column represents load cell count of IO types
*** Clocking Loads column represents load cell count that are clock resources (global clock buffer, MMCM, PLL, etc)
**** GT Loads column represents load cell count of GT types


+----+------+------+
|    | X0   | X1   |
+----+------+------+
| Y0 |  326 |  119 |
+----+------+------+


7. Device Cell Placement Summary for Global Clock g1
----------------------------------------------------

+-----------+-----------------+-------------------+-------+-------------+---------------+-------------+----------+----------------+----------+----------------------+
| Global Id | Driver Type/Pin | Driver Region (D) | Clock | Period (ns) | Waveform (ns) | Slice Loads | IO Loads | Clocking Loads | GT Loads | Net                  |
+-----------+-----------------+-------------------+-------+-------------+---------------+-------------+----------+----------------+----------+----------------------+
| g1        | BUFG/O          | n/a               |       |             |               |         108 |        0 |              0 |        0 | clk_200MHz_IBUF_BUFG |
+-----------+-----------------+-------------------+-------+-------------+---------------+-------------+----------+----------------+----------+----------------------+
* Logic Loads column represents load cell count of all cell types other than IO, GT and clock resources
** IO Loads column represents load cell count of IO types
*** Clocking Loads column represents load cell count that are clock resources (global clock buffer, MMCM, PLL, etc)
**** GT Loads column represents load cell count of GT types


+----+------+----+
|    | X0   | X1 |
+----+------+----+
| Y0 |  104 |  4 |
+----+------+----+


8. Device Cell Placement Summary for Global Clock g2
----------------------------------------------------

+-----------+-----------------+-------------------+-------+-------------+---------------+-------------+----------+----------------+----------+-------------------------------------+
| Global Id | Driver Type/Pin | Driver Region (D) | Clock | Period (ns) | Waveform (ns) | Slice Loads | IO Loads | Clocking Loads | GT Loads | Net                                 |
+-----------+-----------------+-------------------+-------+-------------+---------------+-------------+----------+----------------+----------+-------------------------------------+
| g2        | BUFR/O          | X0Y0              |       |             |               |           1 |        2 |              1 |        0 | Data_Read/U0/clock_system_inst/pclk |
+-----------+-----------------+-------------------+-------+-------------+---------------+-------------+----------+----------------+----------+-------------------------------------+
* Logic Loads column represents load cell count of all cell types other than IO, GT and clock resources
** IO Loads column represents load cell count of IO types
*** Clocking Loads column represents load cell count that are clock resources (global clock buffer, MMCM, PLL, etc)
**** GT Loads column represents load cell count of GT types


+----+--------+----+
|    | X0     | X1 |
+----+--------+----+
| Y0 |  (D) 3 |  0 |
+----+--------+----+


9. Device Cell Placement Summary for Global Clock g3
----------------------------------------------------

+-----------+-----------------+-------------------+-------+-------------+---------------+-------------+----------+----------------+----------+----------------------------------+
| Global Id | Driver Type/Pin | Driver Region (D) | Clock | Period (ns) | Waveform (ns) | Slice Loads | IO Loads | Clocking Loads | GT Loads | Net                              |
+-----------+-----------------+-------------------+-------+-------------+---------------+-------------+----------+----------------+----------+----------------------------------+
| g3        | BUFGCTRL/O      | n/a               |       |             |               |           0 |        0 |              1 |        0 | Data_Read/U0/clock_system_inst/I |
+-----------+-----------------+-------------------+-------+-------------+---------------+-------------+----------+----------------+----------+----------------------------------+
* Logic Loads column represents load cell count of all cell types other than IO, GT and clock resources
** IO Loads column represents load cell count of IO types
*** Clocking Loads column represents load cell count that are clock resources (global clock buffer, MMCM, PLL, etc)
**** GT Loads column represents load cell count of GT types


+----+----+----+
|    | X0 | X1 |
+----+----+----+
| Y0 |  1 |  0 |
+----+----+----+


10. Clock Region Cell Placement per Global Clock: Region X0Y0
-------------------------------------------------------------

+-----------+-------+-----------------+------------+-------------+-----------------+-----+--------+------+-----+----+------+-----+---------+-------------------------------------+
| Global Id | Track | Driver Type/Pin | Constraint | Clock Loads | Non-Clock Loads | FF  | LUTRAM | RAMB | DSP | GT | MMCM | PLL | Hard IP | Net                                 |
+-----------+-------+-----------------+------------+-------------+-----------------+-----+--------+------+-----+----+------+-----+---------+-------------------------------------+
| g0        | n/a   | BUFG/O          | None       |         325 |               1 | 314 |     11 |    0 |   0 |  0 |    0 |   0 |       0 | Data_Read/U0/clock_system_inst/CLK  |
| g1        | n/a   | BUFG/O          | None       |         104 |               0 | 102 |      0 |    0 |   0 |  0 |    0 |   0 |       0 | clk_200MHz_IBUF_BUFG                |
| g2        | n/a   | BUFR/O          | None       |           3 |               0 |   1 |      0 |    0 |   0 |  0 |    0 |   0 |       0 | Data_Read/U0/clock_system_inst/pclk |
| g3        | n/a   | BUFGCTRL/O      | None       |           1 |               0 |   0 |      0 |    0 |   0 |  0 |    0 |   0 |       0 | Data_Read/U0/clock_system_inst/I    |
+-----------+-------+-----------------+------------+-------------+-----------------+-----+--------+------+-----+----+------+-----+---------+-------------------------------------+
* Clock Loads column represents the clock pin loads (pin count)
** Non-Clock Loads column represents the non-clock pin loads (pin count)
*** Columns FF, LUTRAM, RAMB through 'Hard IP' represents load cell counts


11. Clock Region Cell Placement per Global Clock: Region X1Y0
-------------------------------------------------------------

+-----------+-------+-----------------+------------+-------------+-----------------+-----+--------+------+-----+----+------+-----+---------+------------------------------------+
| Global Id | Track | Driver Type/Pin | Constraint | Clock Loads | Non-Clock Loads | FF  | LUTRAM | RAMB | DSP | GT | MMCM | PLL | Hard IP | Net                                |
+-----------+-------+-----------------+------------+-------------+-----------------+-----+--------+------+-----+----+------+-----+---------+------------------------------------+
| g0        | n/a   | BUFG/O          | None       |         119 |               0 | 114 |      1 |    2 |   0 |  0 |    0 |   0 |       0 | Data_Read/U0/clock_system_inst/CLK |
| g1        | n/a   | BUFG/O          | None       |           4 |               0 |   4 |      0 |    0 |   0 |  0 |    0 |   0 |       0 | clk_200MHz_IBUF_BUFG               |
+-----------+-------+-----------------+------------+-------------+-----------------+-----+--------+------+-----+----+------+-----+---------+------------------------------------+
* Clock Loads column represents the clock pin loads (pin count)
** Non-Clock Loads column represents the non-clock pin loads (pin count)
*** Columns FF, LUTRAM, RAMB through 'Hard IP' represents load cell counts



# Location of BUFG Primitives 
set_property LOC BUFGCTRL_X0Y1 [get_cells clk_200MHz_IBUF_BUFG_inst]
set_property LOC BUFGCTRL_X0Y2 [get_cells Data_Read/U0/clock_system_inst/dly_gen.BUFGCTRL_inst]
set_property LOC BUFGCTRL_X0Y0 [get_cells Data_Read/U0/clock_system_inst/usr_BUFG_inst]

# Location of BUFIO Primitives 
set_property LOC BUFIO_X0Y2 [get_cells Data_Read/U0/clock_system_inst/BUFIO_inst]

# Location of BUFMR Primitives 
set_property LOC BUFMRCE_X0Y1 [get_cells Data_Read/U0/clock_system_inst/BUFMRCE_inst]

# Location of BUFR Primitives 
set_property LOC BUFR_X0Y2 [get_cells Data_Read/U0/clock_system_inst/BUFR_inst]

# Location of IO Primitives which is load of clock spine
set_property LOC IOB_X0Y35 [get_cells clk_100MHz_out_OBUF_inst]

# Location of clock ports
set_property LOC IOB_X0Y28 [get_ports clk_200MHz]

# Clock net "clk_200MHz_IBUF_BUFG" driven by instance "clk_200MHz_IBUF_BUFG_inst" located at site "BUFGCTRL_X0Y1"
#startgroup
create_pblock {CLKAG_clk_200MHz_IBUF_BUFG}
add_cells_to_pblock [get_pblocks  {CLKAG_clk_200MHz_IBUF_BUFG}] [get_cells -filter { PRIMITIVE_GROUP != I/O && IS_PRIMITIVE==1 && PRIMITIVE_LEVEL !=INTERNAL } -of_object [get_pins -filter {DIRECTION==IN} -of_objects [get_nets -hierarchical -filter {PARENT=="clk_200MHz_IBUF_BUFG"}]]]
resize_pblock [get_pblocks {CLKAG_clk_200MHz_IBUF_BUFG}] -add {CLOCKREGION_X0Y0:CLOCKREGION_X0Y0 CLOCKREGION_X1Y0:CLOCKREGION_X1Y0}
#endgroup

# Clock net "Data_Read/U0/clock_system_inst/pclk" driven by instance "Data_Read/U0/clock_system_inst/BUFR_inst" located at site "BUFR_X0Y2"
#startgroup
create_pblock {CLKAG_Data_Read/U0/clock_system_inst/pclk}
add_cells_to_pblock [get_pblocks  {CLKAG_Data_Read/U0/clock_system_inst/pclk}] [get_cells -filter { PRIMITIVE_GROUP != I/O && IS_PRIMITIVE==1 && PRIMITIVE_LEVEL !=INTERNAL && NAME!=Data_Read/U0/clock_system_inst/usr_BUFG_inst} -of_object [get_pins -filter {DIRECTION==IN} -of_objects [get_nets -hierarchical -filter {PARENT=="Data_Read/U0/clock_system_inst/pclk"}]]]
resize_pblock [get_pblocks {CLKAG_Data_Read/U0/clock_system_inst/pclk}] -add {CLOCKREGION_X0Y0:CLOCKREGION_X0Y0}
#endgroup

# Clock net "Data_Read/U0/clock_system_inst/CLK" driven by instance "Data_Read/U0/clock_system_inst/usr_BUFG_inst" located at site "BUFGCTRL_X0Y0"
#startgroup
create_pblock {CLKAG_Data_Read/U0/clock_system_inst/CLK}
add_cells_to_pblock [get_pblocks  {CLKAG_Data_Read/U0/clock_system_inst/CLK}] [get_cells -filter { PRIMITIVE_GROUP != I/O && IS_PRIMITIVE==1 && PRIMITIVE_LEVEL !=INTERNAL && NAME!=clk_100MHz_out_OBUF_inst} -of_object [get_pins -filter {DIRECTION==IN} -of_objects [get_nets -hierarchical -filter {PARENT=="Data_Read/U0/clock_system_inst/CLK"}]]]
resize_pblock [get_pblocks {CLKAG_Data_Read/U0/clock_system_inst/CLK}] -add {CLOCKREGION_X0Y0:CLOCKREGION_X0Y0 CLOCKREGION_X1Y0:CLOCKREGION_X1Y0}
#endgroup
