Copyright 1986-2018 Xilinx, Inc. All Rights Reserved.
------------------------------------------------------------------------------------
| Tool Version : Vivado v.2018.2 (win64) Build 2258646 Thu Jun 14 20:03:12 MDT 2018
| Date         : Thu Sep  5 16:33:45 2019
| Host         : DESKTOP-DU9F0PS running 64-bit major release  (build 9200)
| Command      : upgrade_ip
| Device       : xc7s15ftgb196-1
------------------------------------------------------------------------------------

Upgrade Log for IP 'Driver_SK6805_0'

1. Summary
----------

SUCCESS in the upgrade of Driver_SK6805_0 (xilinx.com:user:Driver_SK6805:1.0) from (Rev. 3) to (Rev. 2)






Copyright 1986-2018 Xilinx, Inc. All Rights Reserved.
------------------------------------------------------------------------------------
| Tool Version : Vivado v.2018.2 (win64) Build 2258646 Thu Jun 14 20:03:12 MDT 2018
| Date         : Thu Sep  5 16:12:57 2019
| Host         : DESKTOP-DU9F0PS running 64-bit major release  (build 9200)
| Command      : upgrade_ip
| Device       : xc7s15ftgb196-1
------------------------------------------------------------------------------------

Upgrade Log for IP 'Driver_SK6805_0'

1. Summary
----------

SUCCESS in the upgrade of Driver_SK6805_0 (xilinx.com:user:Driver_SK6805:1.0) from (Rev. 2) to (Rev. 3)

